0 silly input [ 'start' ]
1 silly flags { _: [ 'run' ],
1 silly flags   'reject-cycles': false,
1 silly flags   rejectCycles: false,
1 silly flags   parallel: true,
1 silly flags   script: 'start',
1 silly flags   args: [] }
2 verbose rootPath /Users/teddy/Development/microfrontends-using-tailorjs
3 info version 2.11.0
4 silly existsSync /Users/teddy/Development/microfrontends-using-tailorjs/VERSION
5 silly initialize attempt
6 silly initialize success
7 silly execute attempt
8 info run in 4 package(s): npm run start
9 silly runScriptInPackageStreaming [ 'start', [], 'fragment-chat' ]
10 silly getExecOpts { cwd:
10 silly getExecOpts    '/Users/teddy/Development/microfrontends-using-tailorjs/packages/fragment-chat' }
11 silly runScriptInPackageStreaming [ 'start', [], 'fragment-common' ]
12 silly getExecOpts { cwd:
12 silly getExecOpts    '/Users/teddy/Development/microfrontends-using-tailorjs/packages/fragment-common' }
13 silly runScriptInPackageStreaming [ 'start', [], 'fragment-contacts' ]
14 silly getExecOpts { cwd:
14 silly getExecOpts    '/Users/teddy/Development/microfrontends-using-tailorjs/packages/fragment-contacts' }
15 silly runScriptInPackageStreaming [ 'start', [], 'fragment-header' ]
16 silly getExecOpts { cwd:
16 silly getExecOpts    '/Users/teddy/Development/microfrontends-using-tailorjs/packages/fragment-header' }
17 error execute callback with error
18 error Error: Command failed: npm run start
18 error events.js:167
18 error       throw er; // Unhandled 'error' event
18 error       ^
18 error
18 error Error: ENOENT: no such file or directory, open './public/bundle.js'
18 error Emitted 'error' event at:
18 error     at lazyFs.open (internal/fs/streams.js:115:12)
18 error     at FSReqWrap.oncomplete (fs.js:141:20)
18 error npm ERR! code ELIFECYCLE
18 error npm ERR! errno 1
18 error npm ERR! fragment-header@1.0.0 start: `node fragment.js`
18 error npm ERR! Exit status 1
18 error npm ERR!
18 error npm ERR! Failed at the fragment-header@1.0.0 start script.
18 error npm ERR! This is probably not a problem with npm. There is likely additional logging output above.
18 error
18 error npm ERR! A complete log of this run can be found in:
18 error npm ERR!     /Users/teddy/.npm/_logs/2019-03-31T14_18_50_514Z-debug.log
18 error
18 error
18 error > fragment-header@1.0.0 start /Users/teddy/Development/microfrontends-using-tailorjs/packages/fragment-header
18 error > node fragment.js
18 error
18 error SPA Fragment Server started at 8081
18 error
18 error     at Promise.all.then.arr (/Users/teddy/Development/microfrontends-using-tailorjs/node_modules/execa/index.js:236:11)
